<?xml version="1.0" encoding="UTF-8"?>
<!-- Generated by org.testng.reporters.JUnitReportReporter -->
<testsuite hostname="DESKTOP-1FHB3LQ" failures="0" tests="2" name="TestNg.Fb_login_DP" time="27.868" errors="0" timestamp="2025-07-16T13:29:25 IST" skipped="0">
  <testcase classname="TestNg.Fb_login_DP" name="fblogin" time="7.970"/>
  <testcase classname="TestNg.Fb_login_DP" name="fblogin" time="19.898"/>
</testsuite> <!-- TestNg.Fb_login_DP -->
