<?xml version="1.0" encoding="UTF-8"?>
<!-- Generated by org.testng.reporters.JUnitReportReporter -->
<testsuite hostname="DESKTOP-1FHB3LQ" failures="0" tests="1" name="ListenerUtilityUse.Test2" time="0.016" errors="0" timestamp="2025-07-18T14:23:32 IST" skipped="0">
  <testcase classname="ListenerUtilityUse.Test2" name="tese2Demo" time="0.016"/>
</testsuite> <!-- ListenerUtilityUse.Test2 -->
