<?xml version="1.0" encoding="UTF-8"?>
<!-- Generated by org.testng.reporters.JUnitReportReporter -->
<testsuite hostname="DESKTOP-1FHB3LQ" failures="0" tests="2" name="TestNg.Using_Enabled" time="0.003" errors="0" timestamp="2025-07-11T15:30:38 IST" skipped="1">
  <testcase classname="TestNg.Using_Enabled" name="manual" time="0.003"/>
  <testcase classname="TestNg.Using_Enabled" name="selenium">
    <skipped/>
  </testcase> <!-- selenium -->
</testsuite> <!-- TestNg.Using_Enabled -->
