<?xml version="1.0" encoding="UTF-8"?>
<!-- Generated by org.testng.reporters.JUnitReportReporter -->
<testsuite hostname="DESKTOP-1FHB3LQ" failures="0" tests="1" name="Assertions.Using_SoftAssert" time="5.113" errors="0" timestamp="2025-07-18T14:35:16 IST" skipped="0">
  <testcase classname="Assertions.Using_SoftAssert" name="secnario_ss" time="5.113"/>
</testsuite> <!-- Assertions.Using_SoftAssert -->
