<?xml version="1.0" encoding="UTF-8"?>
<!-- Generated by org.testng.reporters.JUnitReportReporter -->
<testsuite hostname="DESKTOP-1FHB3LQ" failures="0" tests="1" name="UsingAssertions.UsingSoftAssert" time="10.732" errors="0" timestamp="2025-07-15T15:17:02 IST" skipped="0">
  <testcase classname="UsingAssertions.UsingSoftAssert" name="scenario_SA" time="10.732"/>
</testsuite> <!-- UsingAssertions.UsingSoftAssert -->
