<?xml version="1.0" encoding="UTF-8"?>
<!-- Generated by org.testng.reporters.JUnitReportReporter -->
<testsuite hostname="DESKTOP-1FHB3LQ" failures="0" tests="2" name="Using_DataProviders.DataProviderUsing2DArray" time="0.019" errors="0" timestamp="2025-07-16T14:10:09 IST" skipped="0">
  <testcase classname="Using_DataProviders.DataProviderUsing2DArray" name="fbLogin" time="0.002"/>
  <testcase classname="Using_DataProviders.DataProviderUsing2DArray" name="fbLogin" time="0.017"/>
</testsuite> <!-- Using_DataProviders.DataProviderUsing2DArray -->
