<?xml version="1.0" encoding="UTF-8"?>
<!-- Generated by org.testng.reporters.JUnitReportReporter -->
<testsuite hostname="DESKTOP-1FHB3LQ" failures="0" tests="1" name="Task.Using_demoQspiders" time="12.567" errors="0" timestamp="2025-07-18T12:29:39 IST" skipped="0">
  <testcase classname="Task.Using_demoQspiders" name="qspiders" time="12.567">
    <system-out>
      <![CDATA[qspiders]]>
    </system-out>
  </testcase> <!-- qspiders -->
  <system-out>
    <![CDATA[qspiders]]>
  </system-out>
</testsuite> <!-- Task.Using_demoQspiders -->
