<?xml version="1.0" encoding="UTF-8"?>
<!-- Generated by org.testng.reporters.JUnitReportReporter -->
<testsuite hostname="DESKTOP-1FHB3LQ" failures="0" tests="1" name="Task.Using_amazon" time="15.773" errors="0" timestamp="2025-07-18T14:22:24 IST" skipped="0">
  <testcase classname="Task.Using_amazon" name="amazon" time="15.773">
    <system-out>
      <![CDATA[amazon]]>
    </system-out>
  </testcase> <!-- amazon -->
  <system-out>
    <![CDATA[amazon
bookmyshow]]>
  </system-out>
</testsuite> <!-- Task.Using_amazon -->
