<?xml version="1.0" encoding="UTF-8"?>
<!-- Generated by org.testng.reporters.JUnitReportReporter -->
<testsuite hostname="DESKTOP-1FHB3LQ" failures="0" tests="1" name="UsingAssertions.UsingHardAssert" time="20.712" errors="0" timestamp="2025-07-15T14:44:54 IST" skipped="0">
  <testcase classname="UsingAssertions.UsingHardAssert" name="Scenario" time="20.712"/>
</testsuite> <!-- UsingAssertions.UsingHardAssert -->
