<?xml version="1.0" encoding="UTF-8"?>
<!-- Generated by org.testng.reporters.JUnitReportReporter -->
<testsuite hostname="DESKTOP-1FHB3LQ" failures="0" tests="2" name="TestNg.Using_DependsOnMethod" time="0.027" errors="0" timestamp="2025-07-11T15:30:38 IST" skipped="0">
  <testcase classname="TestNg.Using_DependsOnMethod" name="Login" time="0.002"/>
  <testcase classname="TestNg.Using_DependsOnMethod" name="register" time="0.025"/>
</testsuite> <!-- TestNg.Using_DependsOnMethod -->
