<?xml version="1.0" encoding="UTF-8"?>
<!-- Generated by org.testng.reporters.JUnitReportReporter -->
<testsuite hostname="DESKTOP-1FHB3LQ" failures="0" tests="1" name="TestNg.Using_ThreadPoolSize" time="0.003" errors="0" timestamp="2025-07-11T15:30:38 IST" skipped="0">
  <testcase classname="TestNg.Using_ThreadPoolSize" name="Login" time="0.003"/>
</testsuite> <!-- TestNg.Using_ThreadPoolSize -->
