<?xml version="1.0" encoding="UTF-8"?>
<!-- Generated by org.testng.reporters.JUnitReportReporter -->
<testsuite hostname="DESKTOP-1FHB3LQ" failures="0" tests="2" name="UsingAnnotations.UsingAnnotationsTest" time="0.037" errors="0" timestamp="2025-07-16T15:14:44 IST" skipped="0">
  <testcase classname="UsingAnnotations.UsingAnnotationsTest" name="test1" time="0.027"/>
  <testcase classname="UsingAnnotations.UsingAnnotationsTest" name="test2" time="0.010"/>
</testsuite> <!-- UsingAnnotations.UsingAnnotationsTest -->
