<?xml version="1.0" encoding="UTF-8"?>
<!-- Generated by org.testng.reporters.JUnitReportReporter -->
<testsuite hostname="DESKTOP-1FHB3LQ" failures="0" tests="1" name="Task.Bookmyshow" time="10.814" errors="0" timestamp="2025-07-18T14:22:24 IST" skipped="0">
  <testcase classname="Task.Bookmyshow" name="bookmyshow" time="10.814">
    <system-out>
      <![CDATA[bookmyshow]]>
    </system-out>
  </testcase> <!-- bookmyshow -->
  <system-out>
    <![CDATA[amazon
bookmyshow]]>
  </system-out>
</testsuite> <!-- Task.Bookmyshow -->
