<?xml version="1.0" encoding="UTF-8"?>
<!-- Generated by org.testng.reporters.JUnitReportReporter -->
<testsuite hostname="DESKTOP-1FHB3LQ" failures="0" tests="1" name="TestNg.Sample" time="0.024" errors="0" timestamp="2025-07-10T15:43:58 IST" skipped="0">
  <testcase classname="TestNg.Sample" name="test" time="0.024"/>
</testsuite> <!-- TestNg.Sample -->
